Arguments: 
  /usr/local/bin/node /usr/local/bin/yarn add sanity@latest -- --coupon javascriptmastery2022

PATH: 
  /usr/local/bin:/usr/bin:/bin:/usr/sbin:/sbin:/Library/Apple/usr/bin:/Users/saharabdalaziz/.fig/bin:/Users/saharabdalaziz/.local/bin:/Users/saharabdalaziz/Library/Android/sdk/emulator:/Users/saharabdalaziz/Library/Android/sdk/tools:/Users/saharabdalaziz/Library/Android/sdk/tools/bin:/Users/saharabdalaziz/Library/Android/sdk/platform-tools:/Users/saharabdalaziz/Library/Android/sdk/emulator:/Users/saharabdalaziz/Library/Android/sdk/tools:/Users/saharabdalaziz/Library/Android/sdk/tools/bin:/Users/saharabdalaziz/Library/Android/sdk/platform-tools

Yarn version: 
  1.22.10

Node version: 
  18.12.1

Platform: 
  darwin x64

Trace: 
  Error: https://registry.yarnpkg.com/--coupon: Not found
      at params.callback [as _callback] (/usr/local/lib/node_modules/yarn/lib/cli.js:66988:18)
      at self.callback (/usr/local/lib/node_modules/yarn/lib/cli.js:140662:22)
      at Request.emit (node:events:513:28)
      at Request.<anonymous> (/usr/local/lib/node_modules/yarn/lib/cli.js:141634:10)
      at Request.emit (node:events:513:28)
      at IncomingMessage.<anonymous> (/usr/local/lib/node_modules/yarn/lib/cli.js:141556:12)
      at Object.onceWrapper (node:events:627:28)
      at IncomingMessage.emit (node:events:525:35)
      at endReadableNT (node:internal/streams/readable:1359:12)
      at process.processTicksAndRejections (node:internal/process/task_queues:82:21)

npm manifest: 
  No manifest

yarn manifest: 
  No manifest

Lockfile: 
  # THIS IS AN AUTOGENERATED FILE. DO NOT EDIT THIS FILE DIRECTLY.
  # yarn lockfile v1
